Running Sphinx v5.0.2
making output directory... done
[autosummary] generating autosummary for: _autosummary/xcell.AAnimation.rst, _autosummary/xcell.colors.rst, _autosummary/xcell.elements.rst, _autosummary/xcell.fem.rst, _autosummary/xcell.geometry.rst, _autosummary/xcell.io.rst, _autosummary/xcell.meshes.rst, _autosummary/xcell.misc.rst, _autosummary/xcell.nrnutil.rst, _autosummary/xcell.rst, ..., auto_examples/postDiscretization.rst, auto_examples/postprocess.rst, auto_examples/regularizeTest.rst, auto_examples/sg_execution_times.rst, auto_examples/singleRun.rst, auto_examples/thresholdDemoSet.rst, auto_examples/thresholdMinimum.rst, auto_examples/uniformTest.rst, index.rst, intro.rst
Warning: no DISPLAY environment variable.
--No graphics will be displayed.
generating gallery...
Using Sphinx-Gallery to convert rst text blocks to markdown for .ipynb files.
generating gallery for auto_examples... [ 16%] plot_MeshAdaptation.py
generating gallery for auto_examples... [ 33%] plot_LFP.py
generating gallery for auto_examples... [ 50%] plot_singleStep.py
generating gallery for auto_examples... [ 66%] plot_singularityEffect.py
generating gallery for auto_examples... [ 83%] plot_algorithmOverview.py
generating gallery for auto_examples... [100%] Common.py

generating gallery for auto_examples/Geometry... [ 50%] plot_brainStyle.py
generating gallery for auto_examples/Geometry... [100%] plot_xcellLogo.py

computation time summary:
    - ../../Examples/plot_LFP.py:                   432.38 sec   0.0 MB
    - ../../Examples/plot_singularityEffect.py:       1.69 sec   0.0 MB
    - ../../Examples/Common.py:                       0.00 sec   0.0 MB
    - ../../Examples/Geometry/plot_brainStyle.py:     0.00 sec   0.0 MB
    - ../../Examples/Geometry/plot_xcellLogo.py:      0.00 sec   0.0 MB
    - ../../Examples/plot_MeshAdaptation.py:          0.00 sec   0.0 MB
    - ../../Examples/plot_algorithmOverview.py:       0.00 sec   0.0 MB
    - ../../Examples/plot_singleStep.py:              0.00 sec   0.0 MB
building [mo]: targets for 0 po files that are out of date
building [html]: targets for 53 source files that are out of date
updating environment: [new config] 53 added, 0 changed, 0 removed
reading sources... [  1%] _autosummary/xcell
reading sources... [  3%] _autosummary/xcell.AAnimation
reading sources... [  5%] _autosummary/xcell.colors
reading sources... [  7%] _autosummary/xcell.elements
reading sources... [  9%] _autosummary/xcell.fem
reading sources... [ 11%] _autosummary/xcell.geometry
reading sources... [ 13%] _autosummary/xcell.io
reading sources... [ 15%] _autosummary/xcell.meshes
reading sources... [ 16%] _autosummary/xcell.misc
reading sources... [ 18%] _autosummary/xcell.nrnutil
reading sources... [ 20%] _autosummary/xcell.util
reading sources... [ 22%] _autosummary/xcell.visualizers
reading sources... [ 24%] _autosummary/xcell.xCell
reading sources... [ 26%] auto_examples/Common
reading sources... [ 28%] auto_examples/Geometry/index
reading sources... [ 30%] auto_examples/Geometry/plot_brainStyle
reading sources... [ 32%] auto_examples/Geometry/plot_xcellLogo
reading sources... [ 33%] auto_examples/Geometry/sg_execution_times
reading sources... [ 35%] auto_examples/MeshAdaptation
reading sources... [ 37%] auto_examples/MonoStim
reading sources... [ 39%] auto_examples/NEURON_stim
reading sources... [ 41%] auto_examples/NEURON_stim_xtra
reading sources... [ 43%] auto_examples/PoC_replot
reading sources... [ 45%] auto_examples/SingleCompartment
reading sources... [ 47%] auto_examples/SingularityEffect
reading sources... [ 49%] auto_examples/algo
reading sources... [ 50%] auto_examples/algoDemo
reading sources... [ 52%] auto_examples/animationTest
reading sources... [ 54%] auto_examples/compareDepthSweep
reading sources... [ 56%] auto_examples/dummyCell
reading sources... [ 58%] auto_examples/errorMetricTests
reading sources... [ 60%] auto_examples/findThresholds
reading sources... [ 62%] auto_examples/index
reading sources... [ 64%] auto_examples/l0Test
reading sources... [ 66%] auto_examples/plot_LFP
reading sources... [ 67%] auto_examples/plot_MeshAdaptation
reading sources... [ 69%] auto_examples/plot_algorithmOverview
reading sources... [ 71%] auto_examples/plot_minimal
reading sources... [ 73%] auto_examples/plot_polyCell
reading sources... [ 75%] auto_examples/plot_singleStep
reading sources... [ 77%] auto_examples/plot_singularityEffect
reading sources... [ 79%] auto_examples/polyCell
reading sources... [ 81%] auto_examples/polyCellPost
reading sources... [ 83%] auto_examples/postDiscretization
reading sources... [ 84%] auto_examples/postprocess
reading sources... [ 86%] auto_examples/regularizeTest
reading sources... [ 88%] auto_examples/sg_execution_times
reading sources... [ 90%] auto_examples/singleRun
reading sources... [ 92%] auto_examples/thresholdDemoSet
reading sources... [ 94%] auto_examples/thresholdMinimum
reading sources... [ 96%] auto_examples/uniformTest
reading sources... [ 98%] index
reading sources... [100%] intro

/home/benoit/repos/xcell/docs/source/auto_examples/plot_LFP.rst:22: WARNING: Title underline too short.

LFP estimation with dynamic remeshing
=============================
looking for now-outdated files... none found
pickling environment... done
checking consistency... /home/benoit/repos/xcell/docs/source/auto_examples/MeshAdaptation.rst: WARNING: document isn't included in any toctree
/home/benoit/repos/xcell/docs/source/auto_examples/MonoStim.rst: WARNING: document isn't included in any toctree
/home/benoit/repos/xcell/docs/source/auto_examples/NEURON_stim.rst: WARNING: document isn't included in any toctree
/home/benoit/repos/xcell/docs/source/auto_examples/NEURON_stim_xtra.rst: WARNING: document isn't included in any toctree
/home/benoit/repos/xcell/docs/source/auto_examples/PoC_replot.rst: WARNING: document isn't included in any toctree
/home/benoit/repos/xcell/docs/source/auto_examples/SingleCompartment.rst: WARNING: document isn't included in any toctree
/home/benoit/repos/xcell/docs/source/auto_examples/SingularityEffect.rst: WARNING: document isn't included in any toctree
/home/benoit/repos/xcell/docs/source/auto_examples/algo.rst: WARNING: document isn't included in any toctree
/home/benoit/repos/xcell/docs/source/auto_examples/algoDemo.rst: WARNING: document isn't included in any toctree
/home/benoit/repos/xcell/docs/source/auto_examples/animationTest.rst: WARNING: document isn't included in any toctree
/home/benoit/repos/xcell/docs/source/auto_examples/compareDepthSweep.rst: WARNING: document isn't included in any toctree
/home/benoit/repos/xcell/docs/source/auto_examples/dummyCell.rst: WARNING: document isn't included in any toctree
/home/benoit/repos/xcell/docs/source/auto_examples/errorMetricTests.rst: WARNING: document isn't included in any toctree
/home/benoit/repos/xcell/docs/source/auto_examples/findThresholds.rst: WARNING: document isn't included in any toctree
/home/benoit/repos/xcell/docs/source/auto_examples/l0Test.rst: WARNING: document isn't included in any toctree
/home/benoit/repos/xcell/docs/source/auto_examples/plot_minimal.rst: WARNING: document isn't included in any toctree
/home/benoit/repos/xcell/docs/source/auto_examples/plot_polyCell.rst: WARNING: document isn't included in any toctree
/home/benoit/repos/xcell/docs/source/auto_examples/polyCell.rst: WARNING: document isn't included in any toctree
/home/benoit/repos/xcell/docs/source/auto_examples/polyCellPost.rst: WARNING: document isn't included in any toctree
/home/benoit/repos/xcell/docs/source/auto_examples/postDiscretization.rst: WARNING: document isn't included in any toctree
/home/benoit/repos/xcell/docs/source/auto_examples/postprocess.rst: WARNING: document isn't included in any toctree
/home/benoit/repos/xcell/docs/source/auto_examples/regularizeTest.rst: WARNING: document isn't included in any toctree
/home/benoit/repos/xcell/docs/source/auto_examples/singleRun.rst: WARNING: document isn't included in any toctree
/home/benoit/repos/xcell/docs/source/auto_examples/thresholdDemoSet.rst: WARNING: document isn't included in any toctree
/home/benoit/repos/xcell/docs/source/auto_examples/thresholdMinimum.rst: WARNING: document isn't included in any toctree
/home/benoit/repos/xcell/docs/source/auto_examples/uniformTest.rst: WARNING: document isn't included in any toctree
done
preparing documents... done
writing output... [  1%] _autosummary/xcell
writing output... [  3%] _autosummary/xcell.AAnimation
writing output... [  5%] _autosummary/xcell.colors
writing output... [  7%] _autosummary/xcell.elements
writing output... [  9%] _autosummary/xcell.fem
writing output... [ 11%] _autosummary/xcell.geometry
writing output... [ 13%] _autosummary/xcell.io
writing output... [ 15%] _autosummary/xcell.meshes
writing output... [ 16%] _autosummary/xcell.misc
writing output... [ 18%] _autosummary/xcell.nrnutil
writing output... [ 20%] _autosummary/xcell.util
writing output... [ 22%] _autosummary/xcell.visualizers
writing output... [ 24%] _autosummary/xcell.xCell
writing output... [ 26%] auto_examples/Common
writing output... [ 28%] auto_examples/Geometry/index
writing output... [ 30%] auto_examples/Geometry/plot_brainStyle
writing output... [ 32%] auto_examples/Geometry/plot_xcellLogo
writing output... [ 33%] auto_examples/Geometry/sg_execution_times
writing output... [ 35%] auto_examples/MeshAdaptation
writing output... [ 37%] auto_examples/MonoStim
writing output... [ 39%] auto_examples/NEURON_stim
writing output... [ 41%] auto_examples/NEURON_stim_xtra
writing output... [ 43%] auto_examples/PoC_replot
writing output... [ 45%] auto_examples/SingleCompartment
writing output... [ 47%] auto_examples/SingularityEffect
writing output... [ 49%] auto_examples/algo
writing output... [ 50%] auto_examples/algoDemo
writing output... [ 52%] auto_examples/animationTest
writing output... [ 54%] auto_examples/compareDepthSweep
writing output... [ 56%] auto_examples/dummyCell
writing output... [ 58%] auto_examples/errorMetricTests
writing output... [ 60%] auto_examples/findThresholds
writing output... [ 62%] auto_examples/index
writing output... [ 64%] auto_examples/l0Test
writing output... [ 66%] auto_examples/plot_LFP
writing output... [ 67%] auto_examples/plot_MeshAdaptation
writing output... [ 69%] auto_examples/plot_algorithmOverview
writing output... [ 71%] auto_examples/plot_minimal
writing output... [ 73%] auto_examples/plot_polyCell
writing output... [ 75%] auto_examples/plot_singleStep
writing output... [ 77%] auto_examples/plot_singularityEffect
writing output... [ 79%] auto_examples/polyCell
writing output... [ 81%] auto_examples/polyCellPost
writing output... [ 83%] auto_examples/postDiscretization
writing output... [ 84%] auto_examples/postprocess
writing output... [ 86%] auto_examples/regularizeTest
writing output... [ 88%] auto_examples/sg_execution_times
writing output... [ 90%] auto_examples/singleRun
writing output... [ 92%] auto_examples/thresholdDemoSet
writing output... [ 94%] auto_examples/thresholdMinimum
writing output... [ 96%] auto_examples/uniformTest
writing output... [ 98%] index
writing output... [100%] intro

/home/benoit/repos/xcell/docs/source/auto_examples/index.rst:123: WARNING: toctree contains reference to document 'auto_examples/Common' that doesn't have a title: no link will be generated
/home/benoit/repos/xcell/docs/source/auto_examples/index.rst:123: WARNING: toctree contains reference to document 'auto_examples/Common' that doesn't have a title: no link will be generated
/home/benoit/repos/xcell/docs/source/auto_examples/index.rst:123: WARNING: toctree contains reference to document 'auto_examples/Common' that doesn't have a title: no link will be generated
/home/benoit/repos/xcell/docs/source/auto_examples/index.rst:123: WARNING: toctree contains reference to document 'auto_examples/Common' that doesn't have a title: no link will be generated
/home/benoit/repos/xcell/docs/source/auto_examples/index.rst:110: WARNING: Failed to create a cross reference. A title or caption not found: sphx_glr_auto_examples_common.py
/home/benoit/repos/xcell/docs/source/auto_examples/index.rst:123: WARNING: toctree contains reference to document 'auto_examples/Common' that doesn't have a title: no link will be generated
/home/benoit/repos/xcell/docs/source/auto_examples/index.rst:123: WARNING: toctree contains reference to document 'auto_examples/Common' that doesn't have a title: no link will be generated
/home/benoit/repos/xcell/docs/source/auto_examples/index.rst:123: WARNING: toctree contains reference to document 'auto_examples/Common' that doesn't have a title: no link will be generated
/home/benoit/repos/xcell/docs/source/auto_examples/index.rst:123: WARNING: toctree contains reference to document 'auto_examples/Common' that doesn't have a title: no link will be generated
/home/benoit/repos/xcell/docs/source/auto_examples/index.rst:123: WARNING: toctree contains reference to document 'auto_examples/Common' that doesn't have a title: no link will be generated
/home/benoit/repos/xcell/docs/source/auto_examples/index.rst:123: WARNING: toctree contains reference to document 'auto_examples/Common' that doesn't have a title: no link will be generated
/home/benoit/repos/xcell/docs/source/auto_examples/sg_execution_times.rst:16: WARNING: Failed to create a cross reference. A title or caption not found: sphx_glr_auto_examples_common.py
generating indices... genindex py-modindex done
writing additional pages... search done
copying images... [ 12%] auto_examples/Geometry/images/thumb/sphx_glr_plot_brainStyle_thumb.png
copying images... [ 25%] auto_examples/Geometry/images/thumb/sphx_glr_plot_xcellLogo_thumb.gif
copying images... [ 37%] auto_examples/images/thumb/sphx_glr_plot_MeshAdaptation_thumb.png
copying images... [ 50%] auto_examples/images/thumb/sphx_glr_plot_LFP_thumb.png
copying images... [ 62%] auto_examples/images/thumb/sphx_glr_plot_singleStep_thumb.png
copying images... [ 75%] auto_examples/images/thumb/sphx_glr_plot_singularityEffect_thumb.png
copying images... [ 87%] auto_examples/images/thumb/sphx_glr_plot_algorithmOverview_thumb.png
copying images... [100%] auto_examples/images/thumb/sphx_glr_Common_thumb.png

copying downloadable files... [  1%] auto_examples/Common.py
copying downloadable files... [  2%] auto_examples/Common.ipynb
copying downloadable files... [  4%] auto_examples/Geometry/plot_brainStyle.py
copying downloadable files... [  5%] auto_examples/Geometry/plot_brainStyle.ipynb
copying downloadable files... [  7%] auto_examples/Geometry/plot_xcellLogo.py
copying downloadable files... [  8%] auto_examples/Geometry/plot_xcellLogo.ipynb
copying downloadable files... [ 10%] auto_examples/MeshAdaptation.py
copying downloadable files... [ 11%] auto_examples/MeshAdaptation.ipynb
copying downloadable files... [ 12%] auto_examples/MonoStim.py
copying downloadable files... [ 14%] auto_examples/MonoStim.ipynb
copying downloadable files... [ 15%] auto_examples/NEURON_stim.py
copying downloadable files... [ 17%] auto_examples/NEURON_stim.ipynb
copying downloadable files... [ 18%] auto_examples/NEURON_stim_xtra.py
copying downloadable files... [ 20%] auto_examples/NEURON_stim_xtra.ipynb
copying downloadable files... [ 21%] auto_examples/PoC_replot.py
copying downloadable files... [ 22%] auto_examples/PoC_replot.ipynb
copying downloadable files... [ 24%] auto_examples/SingleCompartment.py
copying downloadable files... [ 25%] auto_examples/SingleCompartment.ipynb
copying downloadable files... [ 27%] auto_examples/SingularityEffect.py
copying downloadable files... [ 28%] auto_examples/SingularityEffect.ipynb
copying downloadable files... [ 30%] auto_examples/algo.py
copying downloadable files... [ 31%] auto_examples/algo.ipynb
copying downloadable files... [ 32%] auto_examples/algoDemo.py
copying downloadable files... [ 34%] auto_examples/algoDemo.ipynb
copying downloadable files... [ 35%] auto_examples/animationTest.py
copying downloadable files... [ 37%] auto_examples/animationTest.ipynb
copying downloadable files... [ 38%] auto_examples/compareDepthSweep.py
copying downloadable files... [ 40%] auto_examples/compareDepthSweep.ipynb
copying downloadable files... [ 41%] auto_examples/dummyCell.py
copying downloadable files... [ 42%] auto_examples/dummyCell.ipynb
copying downloadable files... [ 44%] auto_examples/errorMetricTests.py
copying downloadable files... [ 45%] auto_examples/errorMetricTests.ipynb
copying downloadable files... [ 47%] auto_examples/findThresholds.py
copying downloadable files... [ 48%] auto_examples/findThresholds.ipynb
copying downloadable files... [ 50%] auto_examples/auto_examples_python.zip
copying downloadable files... [ 51%] auto_examples/auto_examples_jupyter.zip
copying downloadable files... [ 52%] auto_examples/l0Test.py
copying downloadable files... [ 54%] auto_examples/l0Test.ipynb
copying downloadable files... [ 55%] auto_examples/plot_LFP.py
copying downloadable files... [ 57%] auto_examples/plot_LFP.ipynb
copying downloadable files... [ 58%] auto_examples/plot_MeshAdaptation.py
copying downloadable files... [ 60%] auto_examples/plot_MeshAdaptation.ipynb
copying downloadable files... [ 61%] auto_examples/plot_algorithmOverview.py
copying downloadable files... [ 62%] auto_examples/plot_algorithmOverview.ipynb
copying downloadable files... [ 64%] auto_examples/plot_minimal.py
copying downloadable files... [ 65%] auto_examples/plot_minimal.ipynb
copying downloadable files... [ 67%] auto_examples/plot_polyCell.py
copying downloadable files... [ 68%] auto_examples/plot_polyCell.ipynb
copying downloadable files... [ 70%] auto_examples/plot_singleStep.py
copying downloadable files... [ 71%] auto_examples/plot_singleStep.ipynb
copying downloadable files... [ 72%] auto_examples/plot_singularityEffect.py
copying downloadable files... [ 74%] auto_examples/plot_singularityEffect.ipynb
copying downloadable files... [ 75%] auto_examples/polyCell.py
copying downloadable files... [ 77%] auto_examples/polyCell.ipynb
copying downloadable files... [ 78%] auto_examples/polyCellPost.py
copying downloadable files... [ 80%] auto_examples/polyCellPost.ipynb
copying downloadable files... [ 81%] auto_examples/postDiscretization.py
copying downloadable files... [ 82%] auto_examples/postDiscretization.ipynb
copying downloadable files... [ 84%] auto_examples/postprocess.py
copying downloadable files... [ 85%] auto_examples/postprocess.ipynb
copying downloadable files... [ 87%] auto_examples/regularizeTest.py
copying downloadable files... [ 88%] auto_examples/regularizeTest.ipynb
copying downloadable files... [ 90%] auto_examples/singleRun.py
copying downloadable files... [ 91%] auto_examples/singleRun.ipynb
copying downloadable files... [ 92%] auto_examples/thresholdDemoSet.py
copying downloadable files... [ 94%] auto_examples/thresholdDemoSet.ipynb
copying downloadable files... [ 95%] auto_examples/thresholdMinimum.py
copying downloadable files... [ 97%] auto_examples/thresholdMinimum.ipynb
copying downloadable files... [ 98%] auto_examples/uniformTest.py
copying downloadable files... [100%] auto_examples/uniformTest.ipynb

copying static files... done
copying extra files... done
dumping search index in English (code: en)... done
dumping object inventory... done

Sphinx-Gallery successfully executed 2 out of 2 files subselected by:

    gallery_conf["filename_pattern"] = '/plot'
    gallery_conf["ignore_pattern"]   = 'nongallery'

after excluding 5 files that had previously been run (based on MD5).

embedding documentation hyperlinks...
embedding documentation hyperlinks for auto_examples... [  2%] findThresholds.html
embedding documentation hyperlinks for auto_examples... [  5%] postDiscretization.html
embedding documentation hyperlinks for auto_examples... [  7%] algoDemo.html
embedding documentation hyperlinks for auto_examples... [ 10%] algo.html
embedding documentation hyperlinks for auto_examples... [ 13%] plot_polyCell.html
embedding documentation hyperlinks for auto_examples... [ 15%] SingularityEffect.html
embedding documentation hyperlinks for auto_examples... [ 18%] polyCell.html
embedding documentation hyperlinks for auto_examples... [ 21%] thresholdDemoSet.html
embedding documentation hyperlinks for auto_examples... [ 23%] thresholdMinimum.html
embedding documentation hyperlinks for auto_examples... [ 26%] NEURON_stim.html
embedding documentation hyperlinks for auto_examples... [ 28%] animationTest.html
embedding documentation hyperlinks for auto_examples... [ 31%] plot_singularityEffect.html
embedding documentation hyperlinks for auto_examples... [ 34%] errorMetricTests.html
embedding documentation hyperlinks for auto_examples... [ 36%] index.html
embedding documentation hyperlinks for auto_examples... [ 39%] plot_MeshAdaptation.html
embedding documentation hyperlinks for auto_examples... [ 42%] polyCellPost.html
embedding documentation hyperlinks for auto_examples... [ 44%] SingleCompartment.html
embedding documentation hyperlinks for auto_examples... [ 47%] plot_singleStep.html
embedding documentation hyperlinks for auto_examples... [ 50%] plot_algorithmOverview.html
embedding documentation hyperlinks for auto_examples... [ 52%] plot_LFP.html
embedding documentation hyperlinks for auto_examples... [ 55%] MeshAdaptation.html
embedding documentation hyperlinks for auto_examples... [ 57%] compareDepthSweep.html
embedding documentation hyperlinks for auto_examples... [ 60%] singleRun.html
embedding documentation hyperlinks for auto_examples... [ 63%] plot_minimal.html
embedding documentation hyperlinks for auto_examples... [ 65%] uniformTest.html
embedding documentation hyperlinks for auto_examples... [ 68%] regularizeTest.html
embedding documentation hyperlinks for auto_examples... [ 71%] sg_execution_times.html
embedding documentation hyperlinks for auto_examples... [ 73%] PoC_replot.html
embedding documentation hyperlinks for auto_examples... [ 76%] NEURON_stim_xtra.html
embedding documentation hyperlinks for auto_examples... [ 78%] l0Test.html
embedding documentation hyperlinks for auto_examples... [ 81%] Common.html
embedding documentation hyperlinks for auto_examples... [ 84%] postprocess.html
embedding documentation hyperlinks for auto_examples... [ 86%] MonoStim.html
embedding documentation hyperlinks for auto_examples... [ 89%] dummyCell.html
embedding documentation hyperlinks for auto_examples... [ 92%] index.html
embedding documentation hyperlinks for auto_examples... [ 94%] plot_xcellLogo.html
embedding documentation hyperlinks for auto_examples... [ 97%] plot_brainStyle.html
embedding documentation hyperlinks for auto_examples... [100%] sg_execution_times.html

build succeeded, 39 warnings.

The HTML pages are in build/html.
